  Building Custom Rule F:/pytorch2ncnn/ncnn/examples/CMakeLists.txt
  CMake does not need to re-run because F:/pytorch2ncnn/ncnn/build_cmakegui/examples/CMakeFiles/generate.stamp is up-to-date.
  yolov4.cpp
f:\pytorch2ncnn\ncnn\src\mat.h(1835): warning C4267: “return”: 从“size_t”转换到“int”，可能丢失数据
f:\pytorch2ncnn\ncnn\src\mat.h(2233): warning C4267: “return”: 从“size_t”转换到“int”，可能丢失数据
F:\pytorch2ncnn\OpenCV320_staticlib\include\opencv2/core/mat.hpp(2585): warning C4819: 该文件包含不能在当前代码页(936)中表示的字符。请将该文件保存为 Unicode 格式以防止数据丢失
F:\pytorch2ncnn\OpenCV320_staticlib\include\opencv2/core/persistence.hpp : warning C4819: 该文件包含不能在当前代码页(936)中表示的字符。请将该文件保存为 Unicode 格式以防止数据丢失
F:\pytorch2ncnn\OpenCV320_staticlib\include\opencv2/core/utility.hpp : warning C4819: 该文件包含不能在当前代码页(936)中表示的字符。请将该文件保存为 Unicode 格式以防止数据丢失
F:\pytorch2ncnn\OpenCV320_staticlib\include\opencv2/core/utility.hpp : warning C4819: 该文件包含不能在当前代码页(936)中表示的字符。请将该文件保存为 Unicode 格式以防止数据丢失
F:\pytorch2ncnn\OpenCV320_staticlib\include\opencv2/imgproc.hpp(591): warning C4819: 该文件包含不能在当前代码页(936)中表示的字符。请将该文件保存为 Unicode 格式以防止数据丢失
F:\pytorch2ncnn\ncnn\examples\yolov4.cpp(115): warning C4244: “=”: 从“const float”转换到“int”，可能丢失数据
F:\pytorch2ncnn\ncnn\examples\yolov4.cpp(165): warning C4244: “初始化”: 从“const _Tp”转换到“int”，可能丢失数据
          with
          [
              _Tp=float
          ]
F:\pytorch2ncnn\ncnn\examples\yolov4.cpp(166): warning C4244: “初始化”: 从“_Tp”转换到“int”，可能丢失数据
          with
          [
              _Tp=float
          ]
F:\pytorch2ncnn\ncnn\examples\yolov4.cpp(160): warning C4996: 'sprintf': This function or variable may be unsafe. Consider using sprintf_s instead. To disable deprecation, use _CRT_SECURE_NO_WARNINGS. See online help for details.
  D:\Windows Kits\10\Include\10.0.17763.0\ucrt\stdio.h(1774): note: 参见“sprintf”的声明
  yolov4.vcxproj -> F:\pytorch2ncnn\ncnn\build_cmakegui\examples\Release\yolov4.exe
