  Building Custom Rule F:/pytorch2ncnn/ncnn/glslang/glslang/CMakeLists.txt
  CMake does not need to re-run because F:/pytorch2ncnn/ncnn/build_cmakegui/glslang/glslang/CMakeFiles/generate.stamp is up-to-date.
  glslang_tab.cpp
  attribute.cpp
  Constant.cpp
  iomapper.cpp
  InfoSink.cpp
  Initialize.cpp
  IntermTraverse.cpp
  Intermediate.cpp
  ParseContextBase.cpp
  ParseHelper.cpp
  PoolAlloc.cpp
  RemoveTree.cpp
  Scan.cpp
  ShaderLang.cpp
  SymbolTable.cpp
  Versions.cpp
  intermOut.cpp
  limits.cpp
  linkValidate.cpp
  parseConst.cpp
  正在生成代码...
  正在编译...
  reflection.cpp
  Pp.cpp
  PpAtom.cpp
  PpContext.cpp
  PpScanner.cpp
  PpTokens.cpp
  propagateNoContraction.cpp
  CodeGen.cpp
  Link.cpp
  glslang_c_interface.cpp
  正在生成代码...
  glslang.vcxproj -> F:\pytorch2ncnn\ncnn\build_cmakegui\glslang\glslang\Release\glslang.lib
